2024-08-27 00:00:01,392 [INFO] ApplicationProperties:184 - Using Application install path: C:\ST\STM32CubeIDE_1.16.0\STM32CubeIDE\plugins\com.st.stm32cube.common.mx_6.12.0.202406281431
2024-08-27 00:00:01,427 [INFO] DbMcusXml:78 - Set database path to: C:\ST\STM32CubeIDE_1.16.0\STM32CubeIDE\plugins\com.st.stm32cube.common.mx_6.12.0.202406281431\\db\/mcu/
2024-08-27 00:00:01,429 [INFO] ApiDb:274 - Set plugin database path to: C:\ST\STM32CubeIDE_1.16.0\STM32CubeIDE\plugins\com.st.stm32cube.common.mx_6.12.0.202406281431\\db\/plugins/boardmanager/
2024-08-27 00:00:01,429 [WARN] ApiDb:259 - Overriding images path with different value:  => C:\ST\STM32CubeIDE_1.16.0\STM32CubeIDE\plugins\com.st.stm32cube.common.mx_6.12.0.202406281431\\db\/plugins/mcufinder/images/
2024-08-27 00:00:01,439 [INFO] ApiDb:250 - Set database path to: C:\Users\user\.stmcufinder\plugins\mcufinder//mcu/
2024-08-27 00:00:01,440 [INFO] DbMcusAds:125 - Set database path to: C:\Users\user\.stmcufinder\plugins\mcufinder//mcu/
2024-08-27 00:00:01,447 [INFO] CrossReferenceDbSqlite:203 - Set database path to: C:\Users\user\.stmcufinder\plugins\mcufinder//mcu/cs/
2024-08-27 00:00:01,627 [INFO] RulesReader:64 - Compatibility file has been processed (297 Rules)
2024-08-27 00:00:01,765 [INFO] DbMcusXml:78 - Set database path to: C:\ST\STM32CubeIDE_1.16.0\STM32CubeIDE\plugins\com.st.stm32cube.common.mx_6.12.0.202406281431\\db\/mcu/
2024-08-27 00:00:01,765 [INFO] ApiDb:274 - Set plugin database path to: C:\ST\STM32CubeIDE_1.16.0\STM32CubeIDE\plugins\com.st.stm32cube.common.mx_6.12.0.202406281431\\db\/plugins/boardmanager/
2024-08-27 00:00:01,766 [INFO] ApiDb:261 - Set plugin images path to: C:\ST\STM32CubeIDE_1.16.0\STM32CubeIDE\plugins\com.st.stm32cube.common.mx_6.12.0.202406281431\\db\/plugins/mcufinder/images/
2024-08-27 00:00:01,766 [WARN] DbFile:41 - Overriding database path with different value: C:\Users\user\.stmcufinder\plugins\mcufinder/ => C:\Users\user\.stmcufinder\plugins\mcufinder
2024-08-27 00:00:01,766 [INFO] ApiDb:250 - Set database path to: C:\Users\user\.stmcufinder\plugins\mcufinder//mcu/
2024-08-27 00:00:01,766 [WARN] DbFile:41 - Overriding database path with different value: C:\Users\user\.stmcufinder\plugins\mcufinder/ => C:\Users\user\.stmcufinder\plugins\mcufinder
2024-08-27 00:00:01,766 [INFO] DbMcusAds:125 - Set database path to: C:\Users\user\.stmcufinder\plugins\mcufinder//mcu/
2024-08-27 00:00:01,767 [WARN] DbFile:41 - Overriding database path with different value: C:\Users\user\.stmcufinder\plugins\mcufinder/ => C:\Users\user\.stmcufinder\plugins\mcufinder
2024-08-27 00:00:01,767 [WARN] DbFile:41 - Overriding database path with different value: C:\Users\user\.stmcufinder\plugins\mcufinder/ => C:\Users\user\.stmcufinder\plugins\mcufinder
2024-08-27 00:00:01,767 [INFO] CrossReferenceDbSqlite:203 - Set database path to: C:\Users\user\.stmcufinder\plugins\mcufinder//mcu/cs/
2024-08-27 00:00:01,902 [INFO] MainPanel:268 - HeapMemory: 268435456
2024-08-27 00:00:02,079 [INFO] DbMcusXml:78 - Set database path to: C:\ST\STM32CubeIDE_1.16.0\STM32CubeIDE\plugins\com.st.stm32cube.common.mx_6.12.0.202406281431\\db\/mcu/
2024-08-27 00:00:02,080 [INFO] ApiDb:274 - Set plugin database path to: C:\ST\STM32CubeIDE_1.16.0\STM32CubeIDE\plugins\com.st.stm32cube.common.mx_6.12.0.202406281431\\db\/plugins/boardmanager/
2024-08-27 00:00:02,080 [INFO] ApiDb:261 - Set plugin images path to: C:\ST\STM32CubeIDE_1.16.0\STM32CubeIDE\plugins\com.st.stm32cube.common.mx_6.12.0.202406281431\\db\/plugins/mcufinder/images/
2024-08-27 00:00:02,081 [WARN] DbFile:41 - Overriding database path with different value: C:\Users\user\.stmcufinder\plugins\mcufinder/ => C:\Users\user\.stmcufinder\plugins\mcufinder
2024-08-27 00:00:02,081 [INFO] ApiDb:250 - Set database path to: C:\Users\user\.stmcufinder\plugins\mcufinder//mcu/
2024-08-27 00:00:02,081 [WARN] DbFile:41 - Overriding database path with different value: C:\Users\user\.stmcufinder\plugins\mcufinder/ => C:\Users\user\.stmcufinder\plugins\mcufinder
2024-08-27 00:00:02,081 [INFO] DbMcusAds:125 - Set database path to: C:\Users\user\.stmcufinder\plugins\mcufinder//mcu/
2024-08-27 00:00:02,082 [WARN] DbFile:41 - Overriding database path with different value: C:\Users\user\.stmcufinder\plugins\mcufinder/ => C:\Users\user\.stmcufinder\plugins\mcufinder
2024-08-27 00:00:02,082 [WARN] DbFile:41 - Overriding database path with different value: C:\Users\user\.stmcufinder\plugins\mcufinder/ => C:\Users\user\.stmcufinder\plugins\mcufinder
2024-08-27 00:00:02,082 [INFO] CrossReferenceDbSqlite:203 - Set database path to: C:\Users\user\.stmcufinder\plugins\mcufinder//mcu/cs/
2024-08-27 00:00:02,108 [INFO] ApplicationProperties:184 - Using Application install path: C:\ST\STM32CubeIDE_1.16.0\STM32CubeIDE\plugins\com.st.stm32cube.common.mx_6.12.0.202406281431
2024-08-27 00:00:02,113 [INFO] PluginManage:196 - Search for loadable plugins [exclusion list=, ]
2024-08-27 00:00:02,115 [INFO] PluginManage:310 - Check plugin analytics
2024-08-27 00:00:02,402 [INFO] AnalyticsPlugin:253 - Accepted Software Licenses: 
2024-08-27 00:00:02,402 [INFO] AnalyticsPlugin:255 - Accepted CMSIS Pack Licenses: 
2024-08-27 00:00:02,403 [INFO] AnalyticsPlugin:257 - Accepted Firmware Licenses: 
2024-08-27 00:00:02,406 [INFO] PluginManage:359 - Loaded plugin analytics (category:tool,tabindex:-1)
2024-08-27 00:00:02,406 [INFO] PluginManage:310 - Check plugin cadmodel
2024-08-27 00:00:02,427 [INFO] CADModel:105 - Init CAD model plugin
2024-08-27 00:00:02,427 [INFO] PluginManage:359 - Loaded plugin cadmodel (category:power,tabindex:5)
2024-08-27 00:00:02,428 [INFO] PluginManage:310 - Check plugin clock
2024-08-27 00:00:02,452 [INFO] PluginManage:359 - Loaded plugin clock (category:base,tabindex:2)
2024-08-27 00:00:02,452 [INFO] PluginManage:310 - Check plugin ddr
2024-08-27 00:00:02,457 [INFO] PluginManage:359 - Loaded plugin ddr (category:tool,tabindex:6)
2024-08-27 00:00:02,457 [INFO] PluginManage:310 - Check plugin filemanager
2024-08-27 00:00:02,671 [INFO] PluginManage:359 - Loaded plugin filemanager (category:base,tabindex:10)
2024-08-27 00:00:02,671 [INFO] PluginManage:310 - Check plugin ipmanager
2024-08-27 00:00:02,681 [INFO] PluginManage:359 - Loaded plugin ipmanager (category:base,tabindex:5)
2024-08-27 00:00:02,681 [INFO] PluginManage:310 - Check plugin lpbam
2024-08-27 00:00:02,704 [INFO] PluginManage:359 - Loaded plugin lpbam (category:base,tabindex:0)
2024-08-27 00:00:02,704 [INFO] PluginManage:310 - Check plugin memorymap
2024-08-27 00:00:02,736 [INFO] PluginManage:359 - Loaded plugin memorymap (category:base,tabindex:4)
2024-08-27 00:00:02,736 [INFO] PluginManage:310 - Check plugin pinoutandconfiguration
2024-08-27 00:00:02,760 [INFO] PluginManage:359 - Loaded plugin pinoutandconfiguration (category:base,tabindex:1)
2024-08-27 00:00:02,760 [INFO] PluginManage:310 - Check plugin pinoutconfig
2024-08-27 00:00:02,906 [WARN] SupportedApi:132 - Cannot load RTOS API schema: s4s-elt-must-match.1: The content of 'definitions' must match (annotation?, (simpleType | complexType)?, (unique | key | keyref)*)). A problem was found starting at: attribute.
2024-08-27 00:00:03,119 [INFO] PluginManage:359 - Loaded plugin pinoutconfig (category:base,tabindex:0)
2024-08-27 00:00:03,119 [INFO] PluginManage:310 - Check plugin power
2024-08-27 00:00:03,143 [INFO] PluginManage:359 - Loaded plugin power (category:power,tabindex:4)
2024-08-27 00:00:03,143 [INFO] PluginManage:310 - Check plugin projectmanager
2024-08-27 00:00:03,165 [INFO] PluginManage:359 - Loaded plugin projectmanager (category:projectmanager,tabindex:4)
2024-08-27 00:00:03,165 [INFO] PluginManage:310 - Check plugin rif
2024-08-27 00:00:03,185 [INFO] PluginManage:359 - Loaded plugin rif (category:base,tabindex:3)
2024-08-27 00:00:03,185 [INFO] PluginManage:310 - Check plugin thirdparty
2024-08-27 00:00:03,610 [WARN] IntegrityCheckThread:84 - waiting for thirdparty lock release [integrity check]
2024-08-27 00:00:03,610 [INFO] IntegrityCheckThread:86 - entering critical section [integrity check]
2024-08-27 00:00:03,612 [INFO] ThirdPartyUpdaterWithRetryManager:70 - Updater plugin not ready yet. [1/15]
2024-08-27 00:00:03,612 [INFO] PluginManage:359 - Loaded plugin thirdparty (category:base,tabindex:-1)
2024-08-27 00:00:03,613 [INFO] PluginManage:310 - Check plugin tools
2024-08-27 00:00:03,690 [INFO] PluginManage:359 - Loaded plugin tools (category:base,tabindex:7)
2024-08-27 00:00:03,690 [INFO] PluginManage:310 - Check plugin tutovideos
2024-08-27 00:00:03,981 [INFO] PluginManage:359 - Loaded plugin tutovideos (category:base,tabindex:-1)
2024-08-27 00:00:03,981 [INFO] PluginManage:310 - Check plugin updater
2024-08-27 00:00:04,002 [INFO] PluginManage:359 - Loaded plugin updater (category:base,tabindex:12)
2024-08-27 00:00:04,002 [INFO] PluginManage:310 - Check plugin userauth
2024-08-27 00:00:04,012 [INFO] UserAuth:113 - Init User Auth plugin
2024-08-27 00:00:04,012 [INFO] PluginManage:359 - Loaded plugin userauth (category:base,tabindex:14)
2024-08-27 00:00:04,013 [INFO] PluginManage:283 - PluginManage : Loaded plugins [18]
2024-08-27 00:00:04,315 [INFO] PinOutPanel:1561 - setPackage(No Configuration,No Configuration)
2024-08-27 00:00:04,447 [INFO] CADModel:165 - CPN selected for project level
2024-08-27 00:00:04,447 [INFO] CADModel:114 - Register for checkConnection events
2024-08-27 00:00:04,482 [INFO] IPUIPlugin:80 - create IPUIPlugin
2024-08-27 00:00:04,483 [INFO] PluginManager:220 - loadIPPluginJar : add adc
2024-08-27 00:00:04,540 [INFO] IPUIPlugin:80 - create IPUIPlugin
2024-08-27 00:00:04,540 [INFO] PluginManager:220 - loadIPPluginJar : add aes
2024-08-27 00:00:04,603 [INFO] IPUIPlugin:80 - create IPUIPlugin
2024-08-27 00:00:04,603 [INFO] PluginManager:220 - loadIPPluginJar : add can
2024-08-27 00:00:04,635 [INFO] IPUIPlugin:80 - create IPUIPlugin
2024-08-27 00:00:04,635 [INFO] PluginManager:220 - loadIPPluginJar : add comp
2024-08-27 00:00:04,684 [INFO] IPUIPlugin:80 - create IPUIPlugin
2024-08-27 00:00:04,684 [INFO] PluginManager:220 - loadIPPluginJar : add cryp
2024-08-27 00:00:04,700 [INFO] IPUIPlugin:80 - create IPUIPlugin
2024-08-27 00:00:04,700 [INFO] PluginManager:220 - loadIPPluginJar : add ddr_ctrl_phy
2024-08-27 00:00:04,750 [INFO] IPUIPlugin:80 - create IPUIPlugin
2024-08-27 00:00:04,750 [INFO] PluginManager:220 - loadIPPluginJar : add dfsdm
2024-08-27 00:00:04,772 [INFO] IPUIPlugin:80 - create IPUIPlugin
2024-08-27 00:00:04,773 [INFO] PluginManager:220 - loadIPPluginJar : add dma
2024-08-27 00:00:04,845 [INFO] IPUIPlugin:80 - create IPUIPlugin
2024-08-27 00:00:04,845 [INFO] PluginManager:220 - loadIPPluginJar : add dma3
2024-08-27 00:00:04,927 [INFO] IPUIPlugin:80 - create IPUIPlugin
2024-08-27 00:00:04,927 [INFO] PluginManager:220 - loadIPPluginJar : add extmemmanager
2024-08-27 00:00:04,959 [INFO] IPUIPlugin:80 - create IPUIPlugin
2024-08-27 00:00:04,960 [INFO] PluginManager:220 - loadIPPluginJar : add fatfs
2024-08-27 00:00:05,023 [INFO] IPUIPlugin:80 - create IPUIPlugin
2024-08-27 00:00:05,024 [INFO] PluginManager:220 - loadIPPluginJar : add fmc
2024-08-27 00:00:05,043 [INFO] IPUIPlugin:80 - create IPUIPlugin
2024-08-27 00:00:05,044 [INFO] PluginManager:220 - loadIPPluginJar : add freertos
2024-08-27 00:00:05,073 [INFO] IPUIPlugin:80 - create IPUIPlugin
2024-08-27 00:00:05,073 [INFO] PluginManager:220 - loadIPPluginJar : add genericplugin
2024-08-27 00:00:05,209 [INFO] IPUIPlugin:80 - create IPUIPlugin
2024-08-27 00:00:05,209 [INFO] PluginManager:220 - loadIPPluginJar : add gfxmmu
2024-08-27 00:00:05,434 [INFO] IPUIPlugin:80 - create IPUIPlugin
2024-08-27 00:00:05,434 [INFO] PluginManager:220 - loadIPPluginJar : add gic
2024-08-27 00:00:05,483 [INFO] IPUIPlugin:80 - create IPUIPlugin
2024-08-27 00:00:05,483 [INFO] PluginManager:220 - loadIPPluginJar : add gpio
2024-08-27 00:00:05,620 [INFO] IPUIPlugin:80 - create IPUIPlugin
2024-08-27 00:00:05,620 [INFO] PluginManager:220 - loadIPPluginJar : add gtzc
2024-08-27 00:00:05,691 [INFO] IPUIPlugin:80 - create IPUIPlugin
2024-08-27 00:00:05,691 [INFO] PluginManager:220 - loadIPPluginJar : add hash
2024-08-27 00:00:05,766 [INFO] IPUIPlugin:80 - create IPUIPlugin
2024-08-27 00:00:05,767 [INFO] PluginManager:220 - loadIPPluginJar : add i2c
2024-08-27 00:00:05,820 [INFO] IPUIPlugin:80 - create IPUIPlugin
2024-08-27 00:00:05,820 [INFO] PluginManager:220 - loadIPPluginJar : add i2s
2024-08-27 00:00:05,877 [INFO] IPUIPlugin:80 - create IPUIPlugin
2024-08-27 00:00:05,877 [INFO] PluginManager:220 - loadIPPluginJar : add i3c
2024-08-27 00:00:06,031 [INFO] IPUIPlugin:80 - create IPUIPlugin
2024-08-27 00:00:06,032 [INFO] PluginManager:220 - loadIPPluginJar : add ipddr
2024-08-27 00:00:06,165 [INFO] IPUIPlugin:80 - create IPUIPlugin
2024-08-27 00:00:06,166 [INFO] PluginManager:220 - loadIPPluginJar : add linkedlist
2024-08-27 00:00:06,216 [INFO] IPUIPlugin:80 - create IPUIPlugin
2024-08-27 00:00:06,216 [INFO] PluginManager:220 - loadIPPluginJar : add lorawan
2024-08-27 00:00:06,275 [INFO] IPUIPlugin:80 - create IPUIPlugin
2024-08-27 00:00:06,275 [INFO] PluginManager:220 - loadIPPluginJar : add ltdc
2024-08-27 00:00:06,293 [INFO] IPUIPlugin:80 - create IPUIPlugin
2024-08-27 00:00:06,293 [INFO] PluginManager:220 - loadIPPluginJar : add mdma
2024-08-27 00:00:06,308 [INFO] IPUIPlugin:80 - create IPUIPlugin
2024-08-27 00:00:06,309 [INFO] PluginManager:220 - loadIPPluginJar : add nvic
2024-08-27 00:00:06,361 [INFO] IPUIPlugin:80 - create IPUIPlugin
2024-08-27 00:00:06,362 [INFO] PluginManager:220 - loadIPPluginJar : add opamp
2024-08-27 00:00:06,451 [INFO] IPUIPlugin:80 - create IPUIPlugin
2024-08-27 00:00:06,451 [INFO] PluginManager:220 - loadIPPluginJar : add openamp
2024-08-27 00:00:06,515 [INFO] IPUIPlugin:80 - create IPUIPlugin
2024-08-27 00:00:06,515 [INFO] PluginManager:220 - loadIPPluginJar : add pdm2pcm
2024-08-27 00:00:06,535 [INFO] IPUIPlugin:80 - create IPUIPlugin
2024-08-27 00:00:06,538 [INFO] PluginManager:220 - loadIPPluginJar : add plateformsettings
2024-08-27 00:00:06,567 [INFO] IPUIPlugin:80 - create IPUIPlugin
2024-08-27 00:00:06,567 [INFO] PluginManager:220 - loadIPPluginJar : add quadspi
2024-08-27 00:00:06,604 [INFO] IPUIPlugin:80 - create IPUIPlugin
2024-08-27 00:00:06,605 [INFO] PluginManager:220 - loadIPPluginJar : add radio
2024-08-27 00:00:06,613 [INFO] ThirdPartyUpdaterWithRetryManager:70 - Updater plugin not ready yet. [2/15]
2024-08-27 00:00:06,622 [INFO] IPUIPlugin:80 - create IPUIPlugin
2024-08-27 00:00:06,622 [INFO] PluginManager:220 - loadIPPluginJar : add resmgrutility
2024-08-27 00:00:06,691 [INFO] IPUIPlugin:80 - create IPUIPlugin
2024-08-27 00:00:06,691 [INFO] PluginManager:220 - loadIPPluginJar : add sai
2024-08-27 00:00:06,746 [INFO] IPUIPlugin:80 - create IPUIPlugin
2024-08-27 00:00:06,747 [INFO] PluginManager:220 - loadIPPluginJar : add spi
2024-08-27 00:00:06,843 [INFO] IPUIPlugin:80 - create IPUIPlugin
2024-08-27 00:00:06,843 [INFO] PluginManager:220 - loadIPPluginJar : add stm32_wpan
2024-08-27 00:00:06,882 [INFO] IPUIPlugin:80 - create IPUIPlugin
2024-08-27 00:00:06,882 [INFO] PluginManager:220 - loadIPPluginJar : add tim
2024-08-27 00:00:06,968 [INFO] IPUIPlugin:80 - create IPUIPlugin
2024-08-27 00:00:06,969 [INFO] PluginManager:220 - loadIPPluginJar : add touchsensing
2024-08-27 00:00:07,002 [INFO] IPUIPlugin:80 - create IPUIPlugin
2024-08-27 00:00:07,003 [INFO] PluginManager:220 - loadIPPluginJar : add tracer_emb
2024-08-27 00:00:07,034 [INFO] IPUIPlugin:80 - create IPUIPlugin
2024-08-27 00:00:07,034 [INFO] PluginManager:220 - loadIPPluginJar : add ts
2024-08-27 00:00:07,065 [INFO] IPUIPlugin:80 - create IPUIPlugin
2024-08-27 00:00:07,065 [INFO] PluginManager:220 - loadIPPluginJar : add tsc
2024-08-27 00:00:07,095 [INFO] IPUIPlugin:80 - create IPUIPlugin
2024-08-27 00:00:07,096 [INFO] PluginManager:220 - loadIPPluginJar : add ucpd
2024-08-27 00:00:07,156 [INFO] IPUIPlugin:80 - create IPUIPlugin
2024-08-27 00:00:07,156 [INFO] PluginManager:220 - loadIPPluginJar : add usart
2024-08-27 00:00:07,224 [INFO] IPUIPlugin:80 - create IPUIPlugin
2024-08-27 00:00:07,224 [INFO] PluginManager:220 - loadIPPluginJar : add usbx
2024-08-27 00:00:07,376 [INFO] CADModel:165 - CPN selected for project level
2024-08-27 00:00:07,377 [INFO] CADModel:114 - Register for checkConnection events
2024-08-27 00:00:07,378 [FATAL] Updater:334 - Updater called before beeing initialized
2024-08-27 00:00:07,378 [ERROR] CADModel:125 - Updater not yet initialized, retry later 
2024-08-27 00:00:07,592 [INFO] CADModel:165 - CPN selected for project level
2024-08-27 00:00:07,593 [INFO] CADModel:114 - Register for checkConnection events
2024-08-27 00:00:07,593 [FATAL] Updater:334 - Updater called before beeing initialized
2024-08-27 00:00:07,593 [ERROR] CADModel:125 - Updater not yet initialized, retry later 
2024-08-27 00:00:07,596 [FATAL] Updater:334 - Updater called before beeing initialized
2024-08-27 00:00:07,738 [FATAL] Updater:334 - Updater called before beeing initialized
2024-08-27 00:00:07,751 [INFO] DbMcusAds:53 - JSON generation date=Thu Sep 30 09:55:09 EAT 2021 (1632984909247)
2024-08-27 00:00:07,751 [FATAL] Updater:334 - Updater called before beeing initialized
2024-08-27 00:00:07,824 [WARN] DetailPanel:346 - Failed to get advertising image, set to default
2024-08-27 00:00:07,943 [FATAL] Updater:334 - Updater called before beeing initialized
2024-08-27 00:00:07,946 [FATAL] Updater:334 - Updater called before beeing initialized
2024-08-27 00:00:07,946 [FATAL] Updater:334 - Updater called before beeing initialized
2024-08-27 00:00:07,946 [WARN] DetailPanel:346 - Failed to get advertising image, set to default
2024-08-27 00:00:07,947 [FATAL] Updater:334 - Updater called before beeing initialized
2024-08-27 00:00:08,038 [ERROR] Updater:1164 - MainUpdater not yet initialized. External WinMGr cannot be set.
2024-08-27 00:00:08,058 [INFO] Updater:1100 - Updater Version found : 6.12.0
2024-08-27 00:00:08,081 [INFO] ApplicationProperties:184 - Using Application install path: C:\ST\STM32CubeIDE_1.16.0\STM32CubeIDE\plugins\com.st.stm32cube.common.mx_6.12.0.202406281431
2024-08-27 00:00:09,615 [INFO] ThirdPartyUpdaterWithRetryManager:70 - Updater plugin not ready yet. [3/15]
